<?xml version="1.0" encoding="UTF-8" ?>
<testsuites>
<testsuite name="Get non-existing user" errors="0" tests="1" failures="0" time="0" timestamp="2016-05-24T14:21:23">
  <testcase classname="Get non-existing user" name="should return null" time="0"></testcase>
</testsuite>
</testsuites>