<?xml version="1.0" encoding="UTF-8" ?>
<testsuites>
<testsuite name="Create user" errors="0" tests="1" failures="0" time="0" timestamp="2016-05-24T14:21:23">
  <testcase classname="Create user" name="should return user" time="0"></testcase>
</testsuite>
</testsuites>